2022-04-30 13:11:23.570 [main] INFO  MODEL.Driver - user deposited into their account
2022-04-30 13:57:48.325 [main] INFO  MODEL.Driver - user deposited into their account
2022-04-30 14:04:36.036 [main] INFO  MODEL.Driver - user deposited into their account
2022-04-30 14:07:32.509 [main] INFO  MODEL.Driver - user deposited into their account
2022-04-30 14:17:26.273 [main] INFO  MODEL.Driver - user transfered from their account
2022-04-30 14:21:02.374 [main] INFO  MODEL.Driver - user transfered from their account
2022-04-30 16:00:07.421 [main] INFO  MODEL.Driver - user created an account
2022-04-30 16:00:31.816 [main] INFO  MODEL.Driver - user created an account
2022-04-30 16:01:25.562 [main] INFO  MODEL.Driver - user deposited into their account
2022-04-30 16:02:06.373 [main] INFO  MODEL.Driver - user transfered from their account
2022-04-30 16:06:27.514 [main] INFO  MODEL.Driver - user created an account
2022-04-30 16:08:36.110 [main] INFO  MODEL.Driver - user created an account
2022-04-30 16:11:09.410 [main] INFO  MODEL.Driver - user created an account
2022-04-30 16:11:49.606 [main] INFO  MODEL.Driver - user created an account
2022-04-30 16:52:17.117 [main] INFO  MODEL.Driver - user created an account
2022-04-30 17:07:12.395 [main] INFO  MODEL.Driver - user created an account
2022-04-30 17:10:55.082 [main] INFO  MODEL.Driver - user created an account
2022-04-30 17:11:15.132 [main] INFO  MODEL.Driver - user created an account
2022-04-30 17:11:44.340 [main] INFO  MODEL.Driver - user withdrew from their account
2022-04-30 17:13:53.512 [main] INFO  MODEL.Driver - user created an account
2022-04-30 17:14:01.673 [main] INFO  MODEL.Driver - user withdrew from their account
2022-04-30 17:15:55.203 [main] INFO  MODEL.Driver - user created an account
2022-04-30 17:16:08.073 [main] INFO  MODEL.Driver - user withdrew from their account
2022-04-30 17:17:36.612 [main] INFO  MODEL.Driver - user created an account
2022-04-30 17:17:42.516 [main] INFO  MODEL.Driver - user withdrew from their account
2022-04-30 17:24:12.249 [main] INFO  MODEL.Driver - user created an account
2022-04-30 17:24:18.285 [main] INFO  MODEL.Driver - user withdrew from their account
2022-04-30 17:26:13.212 [main] INFO  MODEL.Driver - user created an account
2022-04-30 17:26:23.599 [main] INFO  MODEL.Driver - user withdrew from their account
2022-04-30 17:29:18.510 [main] INFO  MODEL.Driver - user created an account
2022-04-30 17:29:28.452 [main] INFO  MODEL.Driver - user deposited into their account
2022-04-30 17:31:38.814 [main] INFO  MODEL.Driver - user created an account
2022-04-30 17:31:56.996 [main] INFO  MODEL.Driver - user transfered from their account
2022-04-30 17:32:08.721 [main] INFO  MODEL.Driver - user withdrew from their account
2022-04-30 17:33:17.629 [main] INFO  MODEL.Driver - user created an account
2022-04-30 17:33:31.575 [main] INFO  MODEL.Driver - user withdrew from their account
2022-04-30 17:38:14.034 [main] INFO  MODEL.Driver - user created an account
2022-04-30 17:38:50.294 [main] INFO  MODEL.Driver - user created an account
2022-04-30 17:38:55.943 [main] INFO  MODEL.Driver - user withdrew from their account
2022-04-30 17:41:39.011 [main] INFO  MODEL.Driver - user created an account
2022-04-30 17:41:44.056 [main] INFO  MODEL.Driver - user withdrew from their account
2022-04-30 17:43:48.740 [main] INFO  MODEL.Driver - user created an account
2022-04-30 17:43:54.671 [main] INFO  MODEL.Driver - user withdrew from their account
2022-04-30 17:46:12.462 [main] INFO  MODEL.Driver - user created an account
2022-04-30 17:46:44.827 [main] INFO  MODEL.Driver - user deposited into their account
2022-04-30 17:47:21.491 [main] INFO  MODEL.Driver - user withdrew from their account
2022-04-30 17:48:39.742 [main] INFO  MODEL.Driver - user created an account
2022-04-30 17:49:23.340 [main] INFO  MODEL.Driver - user transfered from their account
2022-04-30 17:54:24.294 [main] INFO  MODEL.Driver - user created an account
2022-04-30 17:54:41.556 [main] INFO  MODEL.Driver - user created an account
2022-04-30 17:55:37.898 [main] INFO  MODEL.Driver - user transfered from their account
2022-04-30 18:04:57.319 [main] INFO  MODEL.Driver - DATABASE HAS BEEN DROPPED AND RE-INITIALIZED
2022-04-30 18:08:48.580 [main] INFO  MODEL.Driver - DATABASE HAS BEEN DROPPED AND RE-INITIALIZED
2022-04-30 18:12:59.197 [main] INFO  MODEL.Driver - DATABASE HAS BEEN DROPPED AND RE-INITIALIZED
2022-04-30 18:13:24.309 [main] INFO  MODEL.Driver - user created an account
2022-04-30 18:13:45.231 [main] INFO  MODEL.Driver - user created an account
2022-04-30 18:15:02.728 [main] INFO  MODEL.Driver - DATABASE HAS BEEN DROPPED AND RE-INITIALIZED
2022-04-30 18:15:17.640 [main] INFO  MODEL.Driver - user created an account
2022-04-30 18:15:29.143 [main] INFO  MODEL.Driver - user created an account
2022-04-30 18:16:19.976 [main] INFO  MODEL.Driver - user created an account
2022-04-30 18:17:05.351 [main] INFO  MODEL.Driver - user transfered from their account
2022-04-30 18:19:04.987 [main] INFO  MODEL.Driver - DATABASE HAS BEEN DROPPED AND RE-INITIALIZED
2022-04-30 18:19:24.831 [main] INFO  MODEL.Driver - user created an account
2022-04-30 18:23:53.395 [main] INFO  MODEL.Driver - DATABASE HAS BEEN DROPPED AND RE-INITIALIZED
2022-04-30 18:24:06.878 [main] INFO  MODEL.Driver - user created an account
2022-04-30 18:26:35.605 [main] INFO  MODEL.Driver - user created an account
2022-04-30 18:27:41.789 [main] INFO  MODEL.Driver - user created an account
2022-04-30 18:28:50.914 [main] INFO  MODEL.Driver - DATABASE HAS BEEN DROPPED AND RE-INITIALIZED
2022-04-30 18:29:03.024 [main] INFO  MODEL.Driver - user created an account
2022-04-30 18:29:17.773 [main] INFO  MODEL.Driver - user created an account
2022-04-30 18:30:39.950 [main] INFO  MODEL.Driver - user created an account
2022-04-30 18:37:31.189 [main] INFO  MODEL.Driver - user created an account
2022-04-30 18:39:12.067 [main] INFO  MODEL.Driver - user created an account
2022-04-30 18:40:47.357 [main] INFO  MODEL.Driver - user created an account
2022-04-30 18:46:15.353 [main] INFO  MODEL.Driver - user created an account
2022-04-30 18:46:57.203 [main] INFO  MODEL.Driver - user created an account
