2022-05-01 12:58:43.063 [main] INFO  MODEL.Driver - DATABASE HAS BEEN DROPPED AND RE-INITIALIZED
2022-05-01 12:58:55.568 [main] INFO  MODEL.Driver - user created an account
2022-05-01 12:59:04.327 [main] INFO  MODEL.Driver - user withdrew from their account
2022-05-01 13:01:53.736 [main] INFO  MODEL.Driver - user created an account
2022-05-01 13:01:59.859 [main] INFO  MODEL.Driver - user withdrew from their account
2022-05-01 13:03:46.484 [main] INFO  MODEL.Driver - user created an account
2022-05-01 13:03:51.623 [main] INFO  MODEL.Driver - user withdrew from their account
2022-05-01 13:04:17.105 [main] INFO  MODEL.Driver - user created an account
2022-05-01 13:04:21.511 [main] INFO  MODEL.Driver - user withdrew from their account
2022-05-01 13:07:03.880 [main] INFO  MODEL.Driver - user created an account
2022-05-01 13:08:00.090 [main] INFO  MODEL.Driver - user created an account
2022-05-01 13:08:03.983 [main] INFO  MODEL.Driver - user withdrew from their account
2022-05-01 13:08:12.291 [main] INFO  MODEL.Driver - user withdrew from their account
2022-05-01 13:08:39.723 [main] INFO  MODEL.Driver - user created an account
2022-05-01 13:08:43.365 [main] INFO  MODEL.Driver - user withdrew from their account
2022-05-01 13:12:16.369 [main] INFO  MODEL.Driver - user created an account
2022-05-01 13:12:23.990 [main] INFO  MODEL.Driver - user withdrew from their account
2022-05-01 13:12:41.308 [main] INFO  MODEL.Driver - user withdrew from their account
2022-05-01 13:14:14.717 [main] INFO  MODEL.Driver - user created an account
2022-05-01 13:14:20.335 [main] INFO  MODEL.Driver - user did not have enough funds
2022-05-01 13:14:20.335 [main] INFO  MODEL.Driver - user withdrew from their account
2022-05-01 13:15:28.058 [main] INFO  MODEL.Driver - user created an account
2022-05-01 13:15:33.650 [main] INFO  MODEL.Driver - user did not have enough funds
2022-05-01 13:15:41.478 [main] INFO  MODEL.Driver - user did not have enough funds
2022-05-01 13:15:50.578 [main] INFO  MODEL.Driver - user did not have enough funds
2022-05-01 13:15:57.929 [main] INFO  MODEL.Driver - user did not have enough funds
2022-05-01 13:16:04.832 [main] INFO  MODEL.Driver - user did not have enough funds
2022-05-01 13:16:13.372 [main] INFO  MODEL.Driver - user deposited into their account
2022-05-01 13:16:20.797 [main] INFO  MODEL.Driver - user deposited into their account
2022-05-01 13:16:26.702 [main] INFO  MODEL.Driver - user withdrew from their account
2022-05-01 13:18:31.332 [main] INFO  MODEL.Driver - user created an account
2022-05-01 13:18:36.594 [main] INFO  MODEL.Driver - user did not have enough funds
2022-05-01 13:23:01.583 [main] INFO  MODEL.Driver - DATABASE HAS BEEN DROPPED AND RE-INITIALIZED
2022-05-01 13:23:16.767 [main] INFO  MODEL.Driver - user created an account
2022-05-01 13:23:30.706 [main] INFO  MODEL.Driver - user created an account
2022-05-01 13:24:05.412 [main] INFO  MODEL.Driver - user withdrew from their account
2022-05-01 13:24:05.446 [main] INFO  MODEL.Driver - user transfered from their account
2022-05-01 13:25:15.344 [main] INFO  MODEL.Driver - user deposited into their account
2022-05-01 13:25:25.046 [main] INFO  MODEL.Driver - user withdrew from their account
2022-05-01 13:25:37.459 [main] INFO  MODEL.Driver - user did not have enough funds
2022-05-01 14:23:36.116 [main] INFO  MODEL.Driver - DATABASE HAS BEEN DROPPED AND RE-INITIALIZED
